

================================================================
== Synthesis Summary Report of 'filter2d_accel'
================================================================
+ General Information: 
    * Date:           Tue Aug  9 14:41:57 2022
    * Version:        2020.2 (Build 3064766 on Wed Nov 18 09:12:45 MST 2020)
    * Project:        final
    * Solution:       solution1 (Vivado IP Flow Target)
    * Product family: zynq
    * Target device:  xc7z020-clg484-1
    

+ Performance & Resource Estimates: 
    
    PS: '+' for module; 'o' for loop; '*' for dataflow
    +----------------------+--------+-------+---------+-----------+----------+---------+------+----------+----------+----+-----------+-----------+-----+
    |        Modules       |  Issue |       | Latency |  Latency  | Iteration|         | Trip |          |          |    |           |           |     |
    |        & Loops       |  Type  | Slack | (cycles)|    (ns)   |  Latency | Interval| Count| Pipelined|   BRAM   | DSP|     FF    |    LUT    | URAM|
    +----------------------+--------+-------+---------+-----------+----------+---------+------+----------+----------+----+-----------+-----------+-----+
    |+ filter2d_accel      |  Timing|   0.00|    99606|  9.961e+05|         -|    99607|     -|        no|  37 (13%)|   -|  4727 (4%)|  5257 (9%)|    -|
    | o Loop 1             |       -|  -7.30|        9|     90.000|         1|        1|     9|       yes|         -|   -|          -|          -|    -|
    | o VITIS_LOOP_55_1    |       -|  -7.30|    18048|  1.805e+05|       141|        -|   128|        no|         -|   -|          -|          -|    -|
    |  o VITIS_LOOP_59_2   |       -|  -7.30|      129|  1.290e+03|         3|        1|   128|       yes|         -|   -|          -|          -|    -|
    | o VITIS_LOOP_67_3    |      II|  -7.30|       10|    100.000|         5|        3|     3|       yes|         -|   -|          -|          -|    -|
    | o VITIS_LOOP_79_5    |       -|  -7.30|      128|  1.280e+03|         2|        1|   128|       yes|         -|   -|          -|          -|    -|
    | o VITIS_LOOP_89_6    |       -|  -7.30|    81396|  8.140e+05|       646|        -|   126|        no|         -|   -|          -|          -|    -|
    |  o VITIS_LOOP_111_7  |      II|  -7.30|      635|  6.350e+03|        11|        5|   126|       yes|         -|   -|          -|          -|    -|
    +----------------------+--------+-------+---------+-----------+----------+---------+------+----------+----------+----+-----------+-----------+-----+

